<?xml version="1.0" encoding="UTF-8"?>
<!-- Generated by org.testng.reporters.JUnitReportReporter -->
<testsuite skipped="1" hostname="educator-HP" name="appModules.testCases.Bookings" tests="4" failures="0" timestamp="2020-08-12T14:07:59 CAT" time="95.192" errors="0">
  <testcase name="executeTest" time="38.088" classname="appModules.testCases.Bookings"/>
  <system-out/>
  <testcase name="executeTest" time="0.012" classname="appModules.testCases.Bookings">
    <skipped/>
  </testcase> <!-- executeTest -->
  <system-out/>
  <testcase name="executeTest" time="33.164" classname="appModules.testCases.Bookings"/>
  <system-out/>
  <testcase name="executeTest" time="23.928" classname="appModules.testCases.Bookings"/>
  <system-out/>
</testsuite> <!-- appModules.testCases.Bookings -->
